<?xml version="1.0" encoding="UTF-8"?>
<testsuite name="ItsSpring.main.MainApplicationTests" tests="1" skipped="0" failures="0" errors="0" timestamp="2023-08-04T03:25:19" hostname="jsui-MacBookAir.local" time="0.281">
  <properties/>
  <testcase name="contextLoads()" classname="ItsSpring.main.MainApplicationTests" time="0.281"/>
  <system-out><![CDATA[12:25:18.032 [Test worker] INFO org.springframework.test.context.support.AnnotationConfigContextLoaderUtils -- Could not detect default configuration classes for test class [ItsSpring.main.MainApplicationTests]: MainApplicationTests does not declare any static, non-private, non-final, nested classes annotated with @Configuration.
12:25:18.073 [Test worker] INFO org.springframework.boot.test.context.SpringBootTestContextBootstrapper -- Found @SpringBootConfiguration ItsSpring.main.MainApplication for test class ItsSpring.main.MainApplicationTests

  .   ____          _            __ _ _
 /\\ / ___'_ __ _ _(_)_ __  __ _ \ \ \ \
( ( )\___ | '_ | '_| | '_ \/ _` | \ \ \ \
 \\/  ___)| |_)| | | | | || (_| |  ) ) ) )
  '  |____| .__|_| |_|_| |_\__, | / / / /
 =========|_|==============|___/=/_/_/_/
 :: Spring Boot ::                (v3.1.2)

2023-08-04T12:25:18.215+09:00  INFO 6683 --- [    Test worker] ItsSpring.main.MainApplicationTests      : Starting MainApplicationTests using Java 17.0.8 with PID 6683 (started by js in /Users/js/code/ItsSpring/ItsSpring)
2023-08-04T12:25:18.216+09:00  INFO 6683 --- [    Test worker] ItsSpring.main.MainApplicationTests      : No active profile set, falling back to 1 default profile: "default"
2023-08-04T12:25:18.449+09:00  INFO 6683 --- [    Test worker] .s.d.r.c.RepositoryConfigurationDelegate : Bootstrapping Spring Data JPA repositories in DEFAULT mode.
2023-08-04T12:25:18.470+09:00  INFO 6683 --- [    Test worker] .s.d.r.c.RepositoryConfigurationDelegate : Finished Spring Data repository scanning in 17 ms. Found 1 JPA repository interfaces.
2023-08-04T12:25:18.646+09:00  INFO 6683 --- [    Test worker] o.hibernate.jpa.internal.util.LogHelper  : HHH000204: Processing PersistenceUnitInfo [name: default]
2023-08-04T12:25:18.666+09:00  INFO 6683 --- [    Test worker] org.hibernate.Version                    : HHH000412: Hibernate ORM core version 6.2.6.Final
2023-08-04T12:25:18.667+09:00  INFO 6683 --- [    Test worker] org.hibernate.cfg.Environment            : HHH000406: Using bytecode reflection optimizer
2023-08-04T12:25:18.715+09:00  INFO 6683 --- [    Test worker] o.h.b.i.BytecodeProviderInitiator        : HHH000021: Bytecode provider name : bytebuddy
2023-08-04T12:25:18.772+09:00  INFO 6683 --- [    Test worker] o.s.o.j.p.SpringPersistenceUnitInfo      : No LoadTimeWeaver setup: ignoring JPA class transformer
2023-08-04T12:25:18.781+09:00  INFO 6683 --- [    Test worker] com.zaxxer.hikari.HikariDataSource       : HikariPool-1 - Starting...
2023-08-04T12:25:18.871+09:00  INFO 6683 --- [    Test worker] com.zaxxer.hikari.pool.HikariPool        : HikariPool-1 - Added connection conn0: url=jdbc:h2:mem:7c2f3516-c46b-4ffa-90c7-c2fb26e3532e user=SA
2023-08-04T12:25:18.872+09:00  INFO 6683 --- [    Test worker] com.zaxxer.hikari.HikariDataSource       : HikariPool-1 - Start completed.
2023-08-04T12:25:18.968+09:00  INFO 6683 --- [    Test worker] o.h.b.i.BytecodeProviderInitiator        : HHH000021: Bytecode provider name : bytebuddy
2023-08-04T12:25:19.263+09:00  INFO 6683 --- [    Test worker] o.h.e.t.j.p.i.JtaPlatformInitiator       : HHH000490: Using JtaPlatform implementation: [org.hibernate.engine.transaction.jta.platform.internal.NoJtaPlatform]
Hibernate: 
    create table team (
        id integer generated by default as identity,
        create_date timestamp(6),
        name TEXT,
        number varchar(11),
        profile TEXT,
        stack TEXT,
        primary key (id)
    )
2023-08-04T12:25:19.293+09:00  INFO 6683 --- [    Test worker] j.LocalContainerEntityManagerFactoryBean : Initialized JPA EntityManagerFactory for persistence unit 'default'
2023-08-04T12:25:19.488+09:00  WARN 6683 --- [    Test worker] JpaBaseConfiguration$JpaWebConfiguration : spring.jpa.open-in-view is enabled by default. Therefore, database queries may be performed during view rendering. Explicitly configure spring.jpa.open-in-view to disable this warning
2023-08-04T12:25:19.646+09:00  INFO 6683 --- [    Test worker] ItsSpring.main.MainApplicationTests      : Started MainApplicationTests in 1.519 seconds (process running for 1.985)
]]></system-out>
  <system-err><![CDATA[]]></system-err>
</testsuite>
